Build started 2015/3/20 5:08:40.
     1>Project "C:\Users\Administrator\Desktop\yangyuc\TRUCK\chaser\chaser.vcxproj" on node 2 (Build target(s)).
     1>ClCompile:
         D:\Microsoft Visual Studio 12.0\VC\bin\CL.exe /c /I..\GL\include /I"%EXAMPLES_HOME%\GL\include" /ZI /nologo /W3 /WX- /Od /Oy- /D _CRT_SECURE_NO_DEPRECATE /D _MBCS /Gm /EHsc /RTC1 /MDd /GS /fp:precise /Zc:wchar_t /Zc:forScope /Fo"Debug\\" /Fd"Debug\vc120.pdb" /Gd /TP /analyze- /errorReport:prompt gameApp.cpp
         gameApp.cpp
     1>c:\users\administrator\desktop\yangyuc\truck\chaser\gameapp.cpp(239): warning C4305: 'initializing' : truncation from 'double' to 'float'
     1>c:\users\administrator\desktop\yangyuc\truck\chaser\gameapp.cpp(254): warning C4551: function call missing argument list
     1>c:\users\administrator\desktop\yangyuc\truck\chaser\gameapp.cpp(499): warning C4305: 'argument' : truncation from 'double' to 'float'
     1>c:\users\administrator\desktop\yangyuc\truck\chaser\gameapp.cpp(501): warning C4305: 'argument' : truncation from 'double' to 'float'
     1>c:\users\administrator\desktop\yangyuc\truck\chaser\gameapp.cpp(508): warning C4305: 'argument' : truncation from 'double' to 'float'
     1>c:\users\administrator\desktop\yangyuc\truck\chaser\gameapp.cpp(509): warning C4305: 'argument' : truncation from 'double' to 'float'
     1>c:\users\administrator\desktop\yangyuc\truck\chaser\gameapp.cpp(558): warning C4305: 'argument' : truncation from 'double' to 'float'
     1>c:\users\administrator\desktop\yangyuc\truck\chaser\gameapp.cpp(841): warning C4018: '<' : signed/unsigned mismatch
     1>c:\users\administrator\desktop\yangyuc\truck\chaser\gameapp.cpp(854): warning C4018: '<' : signed/unsigned mismatch
     1>c:\users\administrator\desktop\yangyuc\truck\chaser\gameapp.cpp(879): warning C4018: '<' : signed/unsigned mismatch
     1>c:\users\administrator\desktop\yangyuc\truck\chaser\gameapp.cpp(898): warning C4018: '<' : signed/unsigned mismatch
     1>c:\users\administrator\desktop\yangyuc\truck\chaser\gameapp.cpp(946): warning C4018: '<' : signed/unsigned mismatch
       Link:
         D:\Microsoft Visual Studio 12.0\VC\bin\link.exe /ERRORREPORT:PROMPT /OUT:"C:\Users\Administrator\Desktop\yangyuc\TRUCK\Debug\chaser.exe" /INCREMENTAL /NOLOGO /LIBPATH:..\GL\lib freeglut.lib glew32.lib glew32s.lib soil.lib ws2_32.lib odbc32.lib odbccp32.lib kernel32.lib user32.lib gdi32.lib winspool.lib comdlg32.lib advapi32.lib shell32.lib ole32.lib oleaut32.lib uuid.lib odbc32.lib odbccp32.lib /MANIFEST /MANIFESTUAC:"level='asInvoker' uiAccess='false'" /manifest:embed /DEBUG /PDB:"C:\Users\Administrator\Desktop\yangyuc\TRUCK\Debug\chaser.pdb" /TLBID:1 /DYNAMICBASE /NXCOMPAT /IMPLIB:"C:\Users\Administrator\Desktop\yangyuc\TRUCK\Debug\chaser.lib" /MACHINE:X86 Debug\camera.obj
         Debug\car.obj
         Debug\chaser.obj
         Debug\gameApp.obj
         Debug\gameObject.obj
         Debug\House.obj
         Debug\main.obj
         Debug\meshSurface.obj
         Debug\Prey.obj
         Debug\Shader.obj
         Debug\Truck.obj
         Debug\SkyBox.obj
         Debug\TargetHouse.obj
         chaser.vcxproj -> C:\Users\Administrator\Desktop\yangyuc\TRUCK\Debug\chaser.exe
     1>Done Building Project "C:\Users\Administrator\Desktop\yangyuc\TRUCK\chaser\chaser.vcxproj" (Build target(s)).

Build succeeded.

Time Elapsed 00:00:02.12
